-------------------------------------------------------------------------------
Test set: TestSuite
-------------------------------------------------------------------------------
Tests run: 6, Failures: 1, Errors: 0, Skipped: 0, Time elapsed: 18.969 sec <<< FAILURE! - in TestSuite
bankManageroginTest(com.cg.testcases.BankManagerLoginTest)  Time elapsed: 3.196 sec  <<< FAILURE!
java.lang.AssertionError: Login not successful
	at org.testng.Assert.fail(Assert.java:99)
	at com.cg.testcases.BankManagerLoginTest.bankManageroginTest(BankManagerLoginTest.java:28)

