<?xml version="1.0" encoding="UTF-8"?>
<testng-results ignored="0" total="6" passed="5" failed="1" skipped="0">
  <reporter-output>
    <line>
      <![CDATA[<a target="_blank" href = Wed_Nov_17_18_17_53_IST_2021.jpg>Click to see screenshot</a>]]>
    </line>
    <line>
      <![CDATA[<br>]]>
    </line>
    <line>
      <![CDATA[<a target="_blank" href = Wed_Nov_17_18_17_53_IST_2021.jpg><img src =Wed_Nov_17_18_17_53_IST_2021.jpg height=200 width =200></img></a>]]>
    </line>
  </reporter-output>
  <suite started-at="2021-11-17T18:17:50 IST" name="Data Driven Basics" finished-at="2021-11-17T18:18:00 IST" duration-ms="10139">
    <groups>
    </groups>
    <test started-at="2021-11-17T18:17:50 IST" name="Bank Manager Login Test" finished-at="2021-11-17T18:17:54 IST" duration-ms="3893">
      <class name="com.cg.testcases.BankManagerLoginTest">
        <test-method signature="bankManageroginTest()[pri:0, instance:com.cg.testcases.BankManagerLoginTest@1d7f7be7]" started-at="2021-11-17T18:17:50 IST" name="bankManageroginTest" finished-at="2021-11-17T18:17:53 IST" duration-ms="3186" status="FAIL">
          <exception class="java.lang.AssertionError">
            <message>
              <![CDATA[Login not successful]]>
            </message>
            <full-stacktrace>
              <![CDATA[java.lang.AssertionError: Login not successful
at org.testng.Assert.fail(Assert.java:99)
at com.cg.testcases.BankManagerLoginTest.bankManageroginTest(BankManagerLoginTest.java:28)
at java.base/jdk.internal.reflect.NativeMethodAccessorImpl.invoke0(Native Method)
at java.base/jdk.internal.reflect.NativeMethodAccessorImpl.invoke(NativeMethodAccessorImpl.java:62)
at java.base/jdk.internal.reflect.DelegatingMethodAccessorImpl.invoke(DelegatingMethodAccessorImpl.java:43)
at java.base/java.lang.reflect.Method.invoke(Method.java:566)
at org.testng.internal.MethodInvocationHelper.invokeMethod(MethodInvocationHelper.java:133)
at org.testng.internal.TestInvoker.invokeMethod(TestInvoker.java:598)
at org.testng.internal.TestInvoker.invokeTestMethod(TestInvoker.java:173)
at org.testng.internal.MethodRunner.runInSequence(MethodRunner.java:46)
at org.testng.internal.TestInvoker$MethodInvocationAgent.invoke(TestInvoker.java:824)
at org.testng.internal.TestInvoker.invokeTestMethods(TestInvoker.java:146)
at org.testng.internal.TestMethodWorker.invokeTestMethods(TestMethodWorker.java:146)
at org.testng.internal.TestMethodWorker.run(TestMethodWorker.java:128)
at java.base/java.util.ArrayList.forEach(ArrayList.java:1541)
at org.testng.TestRunner.privateRun(TestRunner.java:794)
at org.testng.TestRunner.run(TestRunner.java:596)
at org.testng.SuiteRunner.runTest(SuiteRunner.java:377)
at org.testng.SuiteRunner.runSequentially(SuiteRunner.java:371)
at org.testng.SuiteRunner.privateRun(SuiteRunner.java:332)
at org.testng.SuiteRunner.run(SuiteRunner.java:276)
at org.testng.SuiteRunnerWorker.runSuite(SuiteRunnerWorker.java:53)
at org.testng.SuiteRunnerWorker.run(SuiteRunnerWorker.java:96)
at org.testng.TestNG.runSuitesSequentially(TestNG.java:1212)
at org.testng.TestNG.runSuitesLocally(TestNG.java:1134)
at org.testng.TestNG.runSuites(TestNG.java:1063)
at org.testng.TestNG.run(TestNG.java:1031)
at org.apache.maven.surefire.testng.TestNGExecutor.run(TestNGExecutor.java:295)
at org.apache.maven.surefire.testng.TestNGXmlTestSuite.execute(TestNGXmlTestSuite.java:84)
at org.apache.maven.surefire.testng.TestNGProvider.invoke(TestNGProvider.java:90)
at org.apache.maven.surefire.booter.ForkedBooter.invokeProviderInSameClassLoader(ForkedBooter.java:203)
at org.apache.maven.surefire.booter.ForkedBooter.runSuitesInProcess(ForkedBooter.java:155)
at org.apache.maven.surefire.booter.ForkedBooter.main(ForkedBooter.java:103)
]]>
            </full-stacktrace>
          </exception> <!-- java.lang.AssertionError -->
          <reporter-output>
            <line>
              <![CDATA[<a target="_blank" href = Wed_Nov_17_18_17_53_IST_2021.jpg>Click to see screenshot</a>]]>
            </line>
            <line>
              <![CDATA[<br>]]>
            </line>
            <line>
              <![CDATA[<a target="_blank" href = Wed_Nov_17_18_17_53_IST_2021.jpg><img src =Wed_Nov_17_18_17_53_IST_2021.jpg height=200 width =200></img></a>]]>
            </line>
          </reporter-output>
        </test-method> <!-- bankManageroginTest -->
      </class> <!-- com.cg.testcases.BankManagerLoginTest -->
    </test> <!-- Bank Manager Login Test -->
    <test started-at="2021-11-17T18:17:54 IST" name="Add Customer Test" finished-at="2021-11-17T18:17:56 IST" duration-ms="2599">
      <class name="com.cg.testcases.AddCustomerTest">
        <test-method signature="addCustomerTest(java.util.Hashtable)[pri:0, instance:com.cg.testcases.AddCustomerTest@631e06ab]" started-at="2021-11-17T18:17:54 IST" name="addCustomerTest" data-provider="dp" finished-at="2021-11-17T18:17:55 IST" duration-ms="780" status="PASS">
          <params>
            <param index="0">
              <value>
                <![CDATA[{postCode=ABC123, alerttext=Customer added successfully, lastName=Shinde, firstName=Prathamesh, runmode=Y}]]>
              </value>
            </param>
          </params>
          <reporter-output>
          </reporter-output>
        </test-method> <!-- addCustomerTest -->
        <test-method signature="addCustomerTest(java.util.Hashtable)[pri:0, instance:com.cg.testcases.AddCustomerTest@631e06ab]" started-at="2021-11-17T18:17:55 IST" name="addCustomerTest" data-provider="dp" finished-at="2021-11-17T18:17:55 IST" duration-ms="467" status="PASS">
          <params>
            <param index="0">
              <value>
                <![CDATA[{postCode=ABC123, alerttext=Customer added successfully, lastName=Shinde, firstName=Juili, runmode=Y}]]>
              </value>
            </param>
          </params>
          <reporter-output>
          </reporter-output>
        </test-method> <!-- addCustomerTest -->
        <test-method signature="addCustomerTest(java.util.Hashtable)[pri:0, instance:com.cg.testcases.AddCustomerTest@631e06ab]" started-at="2021-11-17T18:17:55 IST" name="addCustomerTest" data-provider="dp" finished-at="2021-11-17T18:17:56 IST" duration-ms="437" status="PASS">
          <params>
            <param index="0">
              <value>
                <![CDATA[{postCode=ABC123, alerttext=Customer added successfully, lastName=Shinde, firstName=Pragati, runmode=Y}]]>
              </value>
            </param>
          </params>
          <reporter-output>
          </reporter-output>
        </test-method> <!-- addCustomerTest -->
        <test-method signature="addCustomerTest(java.util.Hashtable)[pri:0, instance:com.cg.testcases.AddCustomerTest@631e06ab]" started-at="2021-11-17T18:17:56 IST" name="addCustomerTest" data-provider="dp" finished-at="2021-11-17T18:17:56 IST" duration-ms="400" status="PASS">
          <params>
            <param index="0">
              <value>
                <![CDATA[{postCode=ABC123, alerttext=Customer added successfully, lastName=Shinde, firstName=Vaibhavi, runmode=Y}]]>
              </value>
            </param>
          </params>
          <reporter-output>
          </reporter-output>
        </test-method> <!-- addCustomerTest -->
      </class> <!-- com.cg.testcases.AddCustomerTest -->
    </test> <!-- Add Customer Test -->
    <test started-at="2021-11-17T18:17:56 IST" name="Open Account Test" finished-at="2021-11-17T18:18:00 IST" duration-ms="3610">
      <class name="com.cg.testcases.OpenAccountTest">
        <test-method is-config="true" signature="setUp()[pri:0, instance:com.cg.testcases.OpenAccountTest@186978a6]" started-at="2021-11-17T18:17:44 IST" name="setUp" finished-at="2021-11-17T18:17:50 IST" duration-ms="5493" status="PASS">
          <reporter-output>
          </reporter-output>
        </test-method> <!-- setUp -->
        <test-method signature="openAccountTest(java.util.Hashtable)[pri:0, instance:com.cg.testcases.OpenAccountTest@186978a6]" started-at="2021-11-17T18:17:56 IST" name="openAccountTest" data-provider="dp" finished-at="2021-11-17T18:18:00 IST" duration-ms="3526" status="PASS">
          <params>
            <param index="0">
              <value>
                <![CDATA[{currency=Rupee, customer=Hermoine Granger}]]>
              </value>
            </param>
          </params>
          <reporter-output>
          </reporter-output>
        </test-method> <!-- openAccountTest -->
        <test-method is-config="true" signature="tearDown()[pri:0, instance:com.cg.testcases.OpenAccountTest@186978a6]" started-at="2021-11-17T18:18:00 IST" name="tearDown" finished-at="2021-11-17T18:18:01 IST" duration-ms="808" status="PASS">
          <reporter-output>
          </reporter-output>
        </test-method> <!-- tearDown -->
      </class> <!-- com.cg.testcases.OpenAccountTest -->
    </test> <!-- Open Account Test -->
  </suite> <!-- Data Driven Basics -->
</testng-results>
